TN:
SF:script/Counter.s.sol
FN:7,CounterScript.setUp
FNDA:0,CounterScript.setUp
FN:9,CounterScript.run
FNDA:0,CounterScript.run
DA:10,0
FNF:2
FNH:0
LF:1
LH:0
BRF:0
BRH:0
end_of_record
TN:
SF:src/Address.sol
FN:25,Address.isContract
FNDA:0,Address.isContract
DA:30,0
DA:32,0
DA:34,0
FN:97,Address.functionCall
FNDA:0,Address.functionCall
DA:102,0
FN:116,Address.functionCallWithValue
FNDA:0,Address.functionCallWithValue
DA:121,0
DA:122,0
FN:136,Address.functionCallWithValue
FNDA:0,Address.functionCallWithValue
DA:142,0
BRDA:142,0,0,-
BRDA:142,0,1,-
DA:146,0
BRDA:146,1,0,-
BRDA:146,1,1,-
DA:148,0
DA:151,0
FN:222,Address.verifyCallResult
FNDA:0,Address.verifyCallResult
DA:227,0
BRDA:227,2,0,-
BRDA:227,2,1,-
DA:228,0
DA:231,0
BRDA:231,3,0,-
BRDA:231,3,1,-
DA:239,0
FNF:5
FNH:0
LF:14
LH:0
BRF:8
BRH:0
end_of_record
TN:
SF:src/Context.sol
FN:16,Context._msgSender
FNDA:35,Context._msgSender
DA:17,35
FNF:1
FNH:1
LF:1
LH:1
BRF:0
BRH:0
end_of_record
TN:
SF:src/Ownable.sol
FN:44,Ownable.owner
FNDA:0,Ownable.owner
DA:45,36
FN:51,Ownable._checkOwner
FNDA:35,Ownable._checkOwner
DA:52,35
BRDA:52,0,0,8
BRDA:52,0,1,27
FN:62,Ownable.renounceOwnership
FNDA:0,Ownable.renounceOwnership
DA:63,0
FN:70,Ownable.transferOwnership
FNDA:2,Ownable.transferOwnership
DA:71,2
BRDA:71,1,0,-
BRDA:71,1,1,2
DA:75,2
FN:82,Ownable._transferOwnership
FNDA:2,Ownable._transferOwnership
DA:83,2
DA:84,2
DA:85,2
FNF:5
FNH:3
LF:8
LH:7
BRF:4
BRH:3
end_of_record
TN:
SF:src/ReentrancyGuard.sol
FN:55,ReentrancyGuard._nonReentrantBefore
FNDA:21,ReentrancyGuard._nonReentrantBefore
DA:57,21
BRDA:57,0,0,-
BRDA:57,0,1,21
DA:60,21
FN:63,ReentrancyGuard._nonReentrantAfter
FNDA:14,ReentrancyGuard._nonReentrantAfter
DA:66,14
FNF:2
FNH:2
LF:3
LH:3
BRF:2
BRH:1
end_of_record
TN:
SF:src/SafeERC20.sol
FN:19,SafeERC20.safeTransfer
FNDA:0,SafeERC20.safeTransfer
DA:20,0
FN:26,SafeERC20.safeTransferFrom
FNDA:0,SafeERC20.safeTransferFrom
DA:32,0
FN:108,SafeERC20._callOptionalReturn
FNDA:0,SafeERC20._callOptionalReturn
DA:113,0
DA:117,0
BRDA:117,0,0,-
BRDA:117,0,1,-
DA:119,0
BRDA:119,1,0,-
BRDA:119,1,1,-
FNF:3
FNH:0
LF:5
LH:0
BRF:4
BRH:0
end_of_record
TN:
SF:src/TronPay.sol
FN:106,TronPay.setFeeSeller
FNDA:5,TronPay.setFeeSeller
DA:107,4
BRDA:107,0,0,-
BRDA:107,0,1,4
DA:108,0
DA:110,4
FN:119,TronPay.setFeeBuyer
FNDA:3,TronPay.setFeeBuyer
DA:120,2
BRDA:120,1,0,-
BRDA:120,1,1,2
DA:121,0
DA:124,2
FN:139,TronPay.createEscrow
FNDA:20,TronPay.createEscrow
DA:144,20
BRDA:144,2,0,1
BRDA:144,2,1,19
DA:145,1
DA:148,19
BRDA:148,3,0,1
BRDA:148,3,1,18
DA:149,1
DA:152,18
BRDA:152,4,0,1
BRDA:152,4,1,17
DA:153,1
DA:156,17
BRDA:156,5,0,1
BRDA:156,5,1,16
DA:157,1
DA:159,16
DA:161,16
DA:164,16
DA:165,16
BRDA:165,6,0,-
BRDA:165,6,1,16
DA:166,0
DA:170,16
DA:176,14
DA:187,14
DA:188,14
FN:201,TronPay.createEscrowNativeCoin
FNDA:14,TronPay.createEscrowNativeCoin
DA:207,14
BRDA:207,7,0,1
BRDA:207,7,1,13
DA:208,1
DA:211,13
BRDA:211,8,0,1
BRDA:211,8,1,12
DA:212,1
DA:215,12
BRDA:215,9,0,1
BRDA:215,9,1,11
DA:216,1
DA:219,11
DA:221,11
DA:223,11
BRDA:223,10,0,1
BRDA:223,10,1,10
DA:224,1
DA:228,10
DA:239,10
DA:240,10
FN:249,TronPay.releaseEscrowOwner
FNDA:3,TronPay.releaseEscrowOwner
DA:250,2
FN:258,TronPay.releaseEscrowOwnerNativeCoin
FNDA:3,TronPay.releaseEscrowOwnerNativeCoin
DA:259,2
FN:268,TronPay.releaseEscrow
FNDA:9,TronPay.releaseEscrow
DA:269,6
FN:278,TronPay.releaseEscrowNativeCoin
FNDA:5,TronPay.releaseEscrowNativeCoin
DA:281,3
FN:291,TronPay.refundBuyer
FNDA:5,TronPay.refundBuyer
DA:294,4
BRDA:294,11,0,2
BRDA:294,11,1,2
DA:295,2
DA:298,2
DA:299,2
DA:300,2
DA:303,2
DA:305,2
DA:307,2
FN:316,TronPay.refundBuyerNativeCoin
FNDA:3,TronPay.refundBuyerNativeCoin
DA:319,2
BRDA:319,12,0,1
BRDA:319,12,1,1
DA:320,1
DA:322,1
DA:323,1
DA:326,1
DA:329,1
DA:330,1
BRDA:330,13,0,-
BRDA:330,13,1,1
DA:332,1
FN:341,TronPay.withdrawFees
FNDA:4,TronPay.withdrawFees
DA:342,3
DA:344,3
BRDA:344,14,0,2
BRDA:344,14,1,1
DA:345,2
DA:350,1
DA:352,1
FN:360,TronPay.withdrawFeesNativeCoin
FNDA:3,TronPay.withdrawFeesNativeCoin
DA:362,2
DA:364,2
BRDA:364,15,0,1
BRDA:364,15,1,1
DA:365,1
DA:370,1
DA:372,1
DA:373,1
BRDA:373,16,0,-
BRDA:373,16,1,1
FN:383,TronPay.version
FNDA:0,TronPay.version
DA:384,0
FN:396,TronPay.getEscrow
FNDA:15,TronPay.getEscrow
DA:397,15
FN:404,TronPay.getState
FNDA:1,TronPay.getState
DA:405,1
DA:406,1
FN:414,TronPay.getValue
FNDA:8,TronPay.getValue
DA:415,8
DA:416,8
FN:423,TronPay.isEscrowNative
FNDA:2,TronPay.isEscrowNative
DA:424,2
DA:425,2
FN:434,TronPay.addStablesAddresses
FNDA:3,TronPay.addStablesAddresses
DA:437,3
BRDA:437,17,0,1
BRDA:437,17,1,2
DA:438,1
DA:440,2
FN:447,TronPay.delStablesAddresses
FNDA:1,TronPay.delStablesAddresses
DA:450,1
FN:463,TronPay._releaseEscrow
FNDA:8,TronPay._releaseEscrow
DA:468,8
BRDA:468,18,0,1
BRDA:468,18,1,7
DA:469,1
DA:472,7
DA:475,7
DA:478,7
DA:483,7
DA:488,7
DA:491,7
DA:496,7
DA:497,7
FN:507,TronPay._releaseEscrowNativeCoin
FNDA:5,TronPay._releaseEscrowNativeCoin
DA:513,5
BRDA:513,19,0,1
BRDA:513,19,1,4
DA:514,1
DA:518,4
DA:521,4
DA:524,4
DA:529,4
DA:532,4
DA:535,4
DA:538,4
BRDA:538,20,0,-
BRDA:538,20,1,4
DA:540,4
DA:541,4
FNF:21
FNH:20
LF:100
LH:96
BRF:42
BRH:36
end_of_record
TN:
SF:src/USDTToken.sol
FN:528,ERC20Burnable.burn
FNDA:0,ERC20Burnable.burn
DA:529,0
FN:543,ERC20Burnable.burnFrom
FNDA:0,ERC20Burnable.burnFrom
DA:544,0
DA:545,0
BRDA:545,0,0,-
BRDA:545,0,1,-
DA:550,0
DA:552,0
FN:130,Context._msgSender
FNDA:53,Context._msgSender
DA:131,53
FN:134,Context._msgData
FNDA:0,Context._msgData
DA:135,0
FN:191,ERC20.name
FNDA:0,ERC20.name
DA:192,0
FN:199,ERC20.symbol
FNDA:0,ERC20.symbol
DA:200,0
FN:216,ERC20.decimals
FNDA:31,ERC20.decimals
DA:217,31
FN:223,ERC20.totalSupply
FNDA:0,ERC20.totalSupply
DA:224,0
FN:230,ERC20.balanceOf
FNDA:35,ERC20.balanceOf
DA:233,35
FN:244,ERC20.transfer
FNDA:10,ERC20.transfer
DA:248,10
DA:249,10
FN:255,ERC20.allowance
FNDA:32,ERC20.allowance
DA:259,32
FN:269,ERC20.approve
FNDA:14,ERC20.approve
DA:273,14
DA:274,14
FN:290,ERC20.transferFrom
FNDA:16,ERC20.transferFrom
DA:295,16
DA:297,15
DA:298,15
BRDA:298,0,0,1
BRDA:298,0,1,14
DA:303,14
DA:306,14
FN:321,ERC20.increaseAllowance
FNDA:0,ERC20.increaseAllowance
DA:325,0
DA:330,0
FN:347,ERC20.decreaseAllowance
FNDA:0,ERC20.decreaseAllowance
DA:351,0
DA:352,0
BRDA:352,1,0,-
BRDA:352,1,1,-
DA:357,0
DA:360,0
FN:377,ERC20._transfer
FNDA:26,ERC20._transfer
DA:382,26
BRDA:382,2,0,-
BRDA:382,2,1,26
DA:383,26
BRDA:383,3,0,-
BRDA:383,3,1,26
DA:385,26
DA:387,26
DA:388,26
BRDA:388,4,0,1
BRDA:388,4,1,25
DA:393,25
DA:395,25
DA:397,25
DA:399,25
FN:411,ERC20._mint
FNDA:0,ERC20._mint
DA:412,0
BRDA:412,5,0,-
BRDA:412,5,1,-
DA:414,0
DA:416,0
DA:417,0
DA:418,0
DA:420,0
FN:434,ERC20._burn
FNDA:0,ERC20._burn
DA:435,0
BRDA:435,6,0,-
BRDA:435,6,1,-
DA:437,0
DA:439,0
DA:440,0
BRDA:440,7,0,-
BRDA:440,7,1,-
DA:442,0
DA:444,0
DA:446,0
DA:448,0
FN:464,ERC20._approve
FNDA:28,ERC20._approve
DA:469,28
BRDA:469,8,0,-
BRDA:469,8,1,28
DA:470,28
BRDA:470,9,0,-
BRDA:470,9,1,28
DA:472,28
DA:473,28
FN:490,ERC20._beforeTokenTransfer
FNDA:26,ERC20._beforeTokenTransfer
FN:510,ERC20._afterTokenTransfer
FNDA:25,ERC20._afterTokenTransfer
FN:585,USDTToken.decimals
FNDA:0,USDTToken.decimals
DA:586,0
FNF:22
FNH:11
LF:56
LH:26
BRF:22
BRH:8
end_of_record
TN:
SF:src/UsdtToken.sol
FN:528,ERC20Burnable.burn
FNDA:0,ERC20Burnable.burn
DA:529,0
FN:543,ERC20Burnable.burnFrom
FNDA:0,ERC20Burnable.burnFrom
DA:544,0
DA:545,0
BRDA:545,0,0,-
BRDA:545,0,1,-
DA:550,0
DA:552,0
FN:130,Context._msgSender
FNDA:0,Context._msgSender
DA:131,0
FN:134,Context._msgData
FNDA:0,Context._msgData
DA:135,0
FN:585,USDTToken.decimals
FNDA:0,USDTToken.decimals
DA:586,0
FN:191,ERC20.name
FNDA:0,ERC20.name
DA:192,0
FN:199,ERC20.symbol
FNDA:0,ERC20.symbol
DA:200,0
FN:216,ERC20.decimals
FNDA:0,ERC20.decimals
DA:217,0
FN:223,ERC20.totalSupply
FNDA:0,ERC20.totalSupply
DA:224,0
FN:230,ERC20.balanceOf
FNDA:0,ERC20.balanceOf
DA:233,0
FN:244,ERC20.transfer
FNDA:0,ERC20.transfer
DA:248,0
DA:249,0
FN:255,ERC20.allowance
FNDA:0,ERC20.allowance
DA:259,0
FN:269,ERC20.approve
FNDA:0,ERC20.approve
DA:273,0
DA:274,0
FN:290,ERC20.transferFrom
FNDA:0,ERC20.transferFrom
DA:295,0
DA:297,0
DA:298,0
BRDA:298,0,0,-
BRDA:298,0,1,-
DA:303,0
DA:306,0
FN:321,ERC20.increaseAllowance
FNDA:0,ERC20.increaseAllowance
DA:325,0
DA:330,0
FN:347,ERC20.decreaseAllowance
FNDA:0,ERC20.decreaseAllowance
DA:351,0
DA:352,0
BRDA:352,1,0,-
BRDA:352,1,1,-
DA:357,0
DA:360,0
FN:377,ERC20._transfer
FNDA:0,ERC20._transfer
DA:382,0
BRDA:382,2,0,-
BRDA:382,2,1,-
DA:383,0
BRDA:383,3,0,-
BRDA:383,3,1,-
DA:385,0
DA:387,0
DA:388,0
BRDA:388,4,0,-
BRDA:388,4,1,-
DA:393,0
DA:395,0
DA:397,0
DA:399,0
FN:411,ERC20._mint
FNDA:0,ERC20._mint
DA:412,0
BRDA:412,5,0,-
BRDA:412,5,1,-
DA:414,0
DA:416,0
DA:417,0
DA:418,0
DA:420,0
FN:434,ERC20._burn
FNDA:0,ERC20._burn
DA:435,0
BRDA:435,6,0,-
BRDA:435,6,1,-
DA:437,0
DA:439,0
DA:440,0
BRDA:440,7,0,-
BRDA:440,7,1,-
DA:442,0
DA:444,0
DA:446,0
DA:448,0
FN:464,ERC20._approve
FNDA:0,ERC20._approve
DA:469,0
BRDA:469,8,0,-
BRDA:469,8,1,-
DA:470,0
BRDA:470,9,0,-
BRDA:470,9,1,-
DA:472,0
DA:473,0
FN:490,ERC20._beforeTokenTransfer
FNDA:0,ERC20._beforeTokenTransfer
FN:510,ERC20._afterTokenTransfer
FNDA:0,ERC20._afterTokenTransfer
FNF:22
FNH:0
LF:56
LH:0
BRF:22
BRH:0
end_of_record
